#
# A fatal error has been detected by the Java Runtime Environment:
#
#  Internal Error (constantTag.cpp:65), pid=6608, tid=11176
#  Error: ShouldNotReachHere()
#
# JRE version: OpenJDK Runtime Environment JBR-21.0.8+1-1038.68-jcef (21.0.8+1) (build 21.0.8+1-b1038.68)
# Java VM: OpenJDK 64-Bit Server VM JBR-21.0.8+1-1038.68-jcef (21.0.8+1-b1038.68, mixed mode, sharing, tiered, compressed oops, compressed class ptrs, g1 gc, windows-amd64)
# No core dump will be written. Minidumps are not enabled by default on client versions of Windows
#
# If you would like to submit a bug report, please visit:
#   https://youtrack.jetbrains.com/issues/JBR
#

---------------  S U M M A R Y ------------

Command Line: git4idea.http.GitAskPassApp Password for 'https://AndrewSANJ@github.com': 

Host: AMD Ryzen 7 PRO 2700 Eight-Core Processor      , 16 cores, 15G,  Windows 11 , 64 bit Build 26100 (10.0.26100.3775)
Time: Thu Sep 11 21:34:35 2025 elapsed time: 0.055832 seconds (0d 0h 0m 0s)

---------------  T H R E A D  ---------------

Current thread (0x00000196175d9a80):  JavaThread "main"             [_thread_in_vm, id=11176, stack(0x0000001c99d00000,0x0000001c99e00000) (1024K)]

Stack: [0x0000001c99d00000,0x0000001c99e00000]
Native frames: (J=compiled Java code, j=interpreted, Vv=VM code, C=native code)
V  [jvm.dll+0x6ebeb9]
V  [jvm.dll+0x8cbec3]
V  [jvm.dll+0x8ce47e]
V  [jvm.dll+0x8ceb17]
V  [jvm.dll+0x28ad77]
V  [jvm.dll+0x28ad9c]
V  [jvm.dll+0x28acf0]
V  [jvm.dll+0x27b36f]
V  [jvm.dll+0x27527d]
V  [jvm.dll+0x3eb04f]
C  0x0000019624ddd421

The last pc belongs to fast_aldc (printed below).
Java frames: (J=compiled Java code, j=interpreted, Vv=VM code)
j  java.lang.reflect.ClassFileFormatVersion.<clinit>()V+142 java.base
v  ~StubRoutines::call_stub 0x0000019624dc100d
j  java.lang.invoke.MethodHandleStatics.<clinit>()V+6 java.base
v  ~StubRoutines::call_stub 0x0000019624dc100d
j  java.lang.invoke.MethodHandle.<clinit>()V+16 java.base
v  ~StubRoutines::call_stub 0x0000019624dc100d
fast_aldc  230 fast_aldc  [0x0000019624ddd380, 0x0000019624ddd4c0]  320 bytes
[MachCode]
  0x0000019624ddd380: 4883 ec08 | c5fa 1104 | 24eb 1f48 | 83ec 10c5 | fb11 0424 | eb14 4883 | ec10 4889 | 0424 48c7 
  0x0000019624ddd3a0: 4424 0800 | 0000 00eb | 0150 410f | b655 0148 | 8b45 e848 | 8b40 0848 | 8b40 0848 | 8b40 1048 
  0x0000019624ddd3c0: 8b40 1048 | 8b00 8b44 | 9010 48c1 | e003 4885 | c00f 85b7 | 0000 00ba | e600 0000 | e805 0000 
  0x0000019624ddd3e0: 00e9 a800 | 0000 488d | 4424 084c | 896d c049 | 8bcf c5f8 | 7749 89af | a803 0000 | 4989 8798 
  0x0000019624ddd400: 0300 0048 | 83ec 2040 | f6c4 0f0f | 8419 0000 | 0048 83ec | 0848 b850 | afac 9efa | 7f00 00ff 
  0x0000019624ddd420: d048 83c4 | 08e9 0c00 | 0000 48b8 | 50af ac9e | fa7f 0000 | ffd0 4883 | c420 49c7 | 8798 0300 
  0x0000019624ddd440: 0000 0000 | 0049 c787 | a803 0000 | 0000 0000 | 49c7 87a0 | 0300 0000 | 0000 00c5 | f877 4983 
  0x0000019624ddd460: 7f08 000f | 8405 0000 | 00e9 923a | feff 498b | 87f0 0300 | 0049 c787 | f003 0000 | 0000 0000 
  0x0000019624ddd480: 4c8b 6dc0 | 4c8b 75c8 | 4e8d 74f5 | 00c3 48ba | 00c1 3d9f | fa7f 0000 | 488b 1248 | 8b12 483b 
  0x0000019624ddd4a0: d075 0348 | 33c0 410f | b65d 0249 | 83c5 0249 | ba00 bd3c | 9ffa 7f00 | 0041 ff24 | da66 6690 
[/MachCode]

---------------  P R O C E S S  ---------------

Threads class SMR info:
_java_thread_list=0x00000196351722c0, length=10, elements={
0x00000196175d9a80, 0x000001963516ad00, 0x0000019635172d50, 0x0000019635176860,
0x000001963517a8b0, 0x000001963517b650, 0x000001963517e450, 0x000001963517eae0,
0x000001963518c410, 0x00000196352b3680
}

Java Threads: ( => current thread )
=>0x00000196175d9a80 JavaThread "main"                              [_thread_in_vm, id=11176, stack(0x0000001c99d00000,0x0000001c99e00000) (1024K)]
  0x000001963516ad00 JavaThread "Common-Cleaner"             daemon [_thread_blocked, id=11688, stack(0x0000001c9a500000,0x0000001c9a600000) (1024K)]
  0x0000019635172d50 JavaThread "Reference Handler"          daemon [_thread_blocked, id=8252, stack(0x0000001c9a600000,0x0000001c9a700000) (1024K)]
  0x0000019635176860 JavaThread "Finalizer"                  daemon [_thread_blocked, id=12092, stack(0x0000001c9a700000,0x0000001c9a800000) (1024K)]
  0x000001963517a8b0 JavaThread "Signal Dispatcher"          daemon [_thread_blocked, id=6444, stack(0x0000001c9a800000,0x0000001c9a900000) (1024K)]
  0x000001963517b650 JavaThread "Attach Listener"            daemon [_thread_blocked, id=5244, stack(0x0000001c9a900000,0x0000001c9aa00000) (1024K)]
  0x000001963517e450 JavaThread "Service Thread"             daemon [_thread_blocked, id=11304, stack(0x0000001c9aa00000,0x0000001c9ab00000) (1024K)]
  0x000001963517eae0 JavaThread "Monitor Deflation Thread"   daemon [_thread_blocked, id=8816, stack(0x0000001c9ab00000,0x0000001c9ac00000) (1024K)]
  0x000001963518c410 JavaThread "C2 CompilerThread0"         daemon [_thread_blocked, id=1248, stack(0x0000001c9ac00000,0x0000001c9ad00000) (1024K)]
  0x00000196352b3680 JavaThread "C1 CompilerThread0"         daemon [_thread_blocked, id=11876, stack(0x0000001c9ad00000,0x0000001c9ae00000) (1024K)]
Total: 10

Other Threads:
  0x00000196175affd0 VMThread "VM Thread"                           [id=9996, stack(0x0000001c9a400000,0x0000001c9a500000) (1024K)]
  0x000001963513c080 WatcherThread "VM Periodic Task Thread"        [id=7328, stack(0x0000001c9a300000,0x0000001c9a400000) (1024K)]
  0x00000196175af890 WorkerThread "GC Thread#0"                     [id=10684, stack(0x0000001c99e00000,0x0000001c99f00000) (1024K)]
  0x00000196199a9a50 ConcurrentGCThread "G1 Main Marker"            [id=11580, stack(0x0000001c99f00000,0x0000001c9a000000) (1024K)]
  0x00000196175ae670 WorkerThread "G1 Conc#0"                       [id=1296, stack(0x0000001c9a000000,0x0000001c9a100000) (1024K)]
  0x0000019634ffd2c0 ConcurrentGCThread "G1 Refine#0"               [id=7632, stack(0x0000001c9a100000,0x0000001c9a200000) (1024K)]
  0x0000019634ffdae0 ConcurrentGCThread "G1 Service"                [id=11700, stack(0x0000001c9a200000,0x0000001c9a300000) (1024K)]
Total: 7

Threads with active compile tasks:
Total: 0

VM state: not at safepoint (normal execution)

VM Mutex/Monitor currently owned by a thread: None

Heap address: 0x0000000701000000, size: 4080 MB, Compressed Oops mode: Zero based, Oop shift amount: 3

CDS archive(s) mapped at: [0x0000019636000000-0x0000019637c00000-0x0000019637c00000), size 29360128, SharedBaseAddress: 0x0000019636000000, ArchiveRelocationMode: 1.
Compressed class space mapped at: 0x0000019638000000-0x0000019678000000, reserved size: 1073741824
Narrow klass base: 0x0000019636000000, Narrow klass shift: 0, Narrow klass range: 0x100000000

GC Precious Log:
 CardTable entry size: 512
 Card Set container configuration: InlinePtr #cards 4 size 8 Array Of Cards #cards 16 size 48 Howl #buckets 8 coarsen threshold 3686 Howl Bitmap #cards 512 size 80 coarsen threshold 460 Card regions per heap region 1 cards per card region 4096
 CPUs: 16 total, 16 available
 Memory: 16315M
 Large Page Support: Disabled
 NUMA Support: Disabled
 Compressed Oops: Enabled (Zero based)
 Heap Region Size: 2M
 Heap Min Capacity: 8M
 Heap Initial Capacity: 256M
 Heap Max Capacity: 4080M
 Pre-touch: Disabled
 Parallel Workers: 13
 Concurrent Workers: 3
 Concurrent Refinement Workers: 13
 Periodic GC: Disabled

Heap:
 garbage-first heap   total 262144K, used 0K [0x0000000701000000, 0x0000000800000000)
  region size 2048K, 1 young (2048K), 0 survivors (0K)
 Metaspace       used 38K, committed 128K, reserved 1114112K
  class space    used 2K, committed 64K, reserved 1048576K

Heap Regions: E=young(eden), S=young(survivor), O=old, HS=humongous(starts), HC=humongous(continues), CS=collection set, F=free, TAMS=top-at-mark-start, PB=parsable bottom
|   0|0x0000000701000000, 0x0000000701000000, 0x0000000701200000|  0%| F|  |TAMS 0x0000000701000000| PB 0x0000000701000000| Untracked 
|   1|0x0000000701200000, 0x0000000701200000, 0x0000000701400000|  0%| F|  |TAMS 0x0000000701200000| PB 0x0000000701200000| Untracked 
|   2|0x0000000701400000, 0x0000000701400000, 0x0000000701600000|  0%| F|  |TAMS 0x0000000701400000| PB 0x0000000701400000| Untracked 
|   3|0x0000000701600000, 0x0000000701600000, 0x0000000701800000|  0%| F|  |TAMS 0x0000000701600000| PB 0x0000000701600000| Untracked 
|   4|0x0000000701800000, 0x0000000701800000, 0x0000000701a00000|  0%| F|  |TAMS 0x0000000701800000| PB 0x0000000701800000| Untracked 
|   5|0x0000000701a00000, 0x0000000701a00000, 0x0000000701c00000|  0%| F|  |TAMS 0x0000000701a00000| PB 0x0000000701a00000| Untracked 
|   6|0x0000000701c00000, 0x0000000701c00000, 0x0000000701e00000|  0%| F|  |TAMS 0x0000000701c00000| PB 0x0000000701c00000| Untracked 
|   7|0x0000000701e00000, 0x0000000701e00000, 0x0000000702000000|  0%| F|  |TAMS 0x0000000701e00000| PB 0x0000000701e00000| Untracked 
|   8|0x0000000702000000, 0x0000000702000000, 0x0000000702200000|  0%| F|  |TAMS 0x0000000702000000| PB 0x0000000702000000| Untracked 
|   9|0x0000000702200000, 0x0000000702200000, 0x0000000702400000|  0%| F|  |TAMS 0x0000000702200000| PB 0x0000000702200000| Untracked 
|  10|0x0000000702400000, 0x0000000702400000, 0x0000000702600000|  0%| F|  |TAMS 0x0000000702400000| PB 0x0000000702400000| Untracked 
|  11|0x0000000702600000, 0x0000000702600000, 0x0000000702800000|  0%| F|  |TAMS 0x0000000702600000| PB 0x0000000702600000| Untracked 
|  12|0x0000000702800000, 0x0000000702800000, 0x0000000702a00000|  0%| F|  |TAMS 0x0000000702800000| PB 0x0000000702800000| Untracked 
|  13|0x0000000702a00000, 0x0000000702a00000, 0x0000000702c00000|  0%| F|  |TAMS 0x0000000702a00000| PB 0x0000000702a00000| Untracked 
|  14|0x0000000702c00000, 0x0000000702c00000, 0x0000000702e00000|  0%| F|  |TAMS 0x0000000702c00000| PB 0x0000000702c00000| Untracked 
|  15|0x0000000702e00000, 0x0000000702e00000, 0x0000000703000000|  0%| F|  |TAMS 0x0000000702e00000| PB 0x0000000702e00000| Untracked 
|  16|0x0000000703000000, 0x0000000703000000, 0x0000000703200000|  0%| F|  |TAMS 0x0000000703000000| PB 0x0000000703000000| Untracked 
|  17|0x0000000703200000, 0x0000000703200000, 0x0000000703400000|  0%| F|  |TAMS 0x0000000703200000| PB 0x0000000703200000| Untracked 
|  18|0x0000000703400000, 0x0000000703400000, 0x0000000703600000|  0%| F|  |TAMS 0x0000000703400000| PB 0x0000000703400000| Untracked 
|  19|0x0000000703600000, 0x0000000703600000, 0x0000000703800000|  0%| F|  |TAMS 0x0000000703600000| PB 0x0000000703600000| Untracked 
|  20|0x0000000703800000, 0x0000000703800000, 0x0000000703a00000|  0%| F|  |TAMS 0x0000000703800000| PB 0x0000000703800000| Untracked 
|  21|0x0000000703a00000, 0x0000000703a00000, 0x0000000703c00000|  0%| F|  |TAMS 0x0000000703a00000| PB 0x0000000703a00000| Untracked 
|  22|0x0000000703c00000, 0x0000000703c00000, 0x0000000703e00000|  0%| F|  |TAMS 0x0000000703c00000| PB 0x0000000703c00000| Untracked 
|  23|0x0000000703e00000, 0x0000000703e00000, 0x0000000704000000|  0%| F|  |TAMS 0x0000000703e00000| PB 0x0000000703e00000| Untracked 
|  24|0x0000000704000000, 0x0000000704000000, 0x0000000704200000|  0%| F|  |TAMS 0x0000000704000000| PB 0x0000000704000000| Untracked 
|  25|0x0000000704200000, 0x0000000704200000, 0x0000000704400000|  0%| F|  |TAMS 0x0000000704200000| PB 0x0000000704200000| Untracked 
|  26|0x0000000704400000, 0x0000000704400000, 0x0000000704600000|  0%| F|  |TAMS 0x0000000704400000| PB 0x0000000704400000| Untracked 
|  27|0x0000000704600000, 0x0000000704600000, 0x0000000704800000|  0%| F|  |TAMS 0x0000000704600000| PB 0x0000000704600000| Untracked 
|  28|0x0000000704800000, 0x0000000704800000, 0x0000000704a00000|  0%| F|  |TAMS 0x0000000704800000| PB 0x0000000704800000| Untracked 
|  29|0x0000000704a00000, 0x0000000704a00000, 0x0000000704c00000|  0%| F|  |TAMS 0x0000000704a00000| PB 0x0000000704a00000| Untracked 
|  30|0x0000000704c00000, 0x0000000704c00000, 0x0000000704e00000|  0%| F|  |TAMS 0x0000000704c00000| PB 0x0000000704c00000| Untracked 
|  31|0x0000000704e00000, 0x0000000704e00000, 0x0000000705000000|  0%| F|  |TAMS 0x0000000704e00000| PB 0x0000000704e00000| Untracked 
|  32|0x0000000705000000, 0x0000000705000000, 0x0000000705200000|  0%| F|  |TAMS 0x0000000705000000| PB 0x0000000705000000| Untracked 
|  33|0x0000000705200000, 0x0000000705200000, 0x0000000705400000|  0%| F|  |TAMS 0x0000000705200000| PB 0x0000000705200000| Untracked 
|  34|0x0000000705400000, 0x0000000705400000, 0x0000000705600000|  0%| F|  |TAMS 0x0000000705400000| PB 0x0000000705400000| Untracked 
|  35|0x0000000705600000, 0x0000000705600000, 0x0000000705800000|  0%| F|  |TAMS 0x0000000705600000| PB 0x0000000705600000| Untracked 
|  36|0x0000000705800000, 0x0000000705800000, 0x0000000705a00000|  0%| F|  |TAMS 0x0000000705800000| PB 0x0000000705800000| Untracked 
|  37|0x0000000705a00000, 0x0000000705a00000, 0x0000000705c00000|  0%| F|  |TAMS 0x0000000705a00000| PB 0x0000000705a00000| Untracked 
|  38|0x0000000705c00000, 0x0000000705c00000, 0x0000000705e00000|  0%| F|  |TAMS 0x0000000705c00000| PB 0x0000000705c00000| Untracked 
|  39|0x0000000705e00000, 0x0000000705e00000, 0x0000000706000000|  0%| F|  |TAMS 0x0000000705e00000| PB 0x0000000705e00000| Untracked 
|  40|0x0000000706000000, 0x0000000706000000, 0x0000000706200000|  0%| F|  |TAMS 0x0000000706000000| PB 0x0000000706000000| Untracked 
|  41|0x0000000706200000, 0x0000000706200000, 0x0000000706400000|  0%| F|  |TAMS 0x0000000706200000| PB 0x0000000706200000| Untracked 
|  42|0x0000000706400000, 0x0000000706400000, 0x0000000706600000|  0%| F|  |TAMS 0x0000000706400000| PB 0x0000000706400000| Untracked 
|  43|0x0000000706600000, 0x0000000706600000, 0x0000000706800000|  0%| F|  |TAMS 0x0000000706600000| PB 0x0000000706600000| Untracked 
|  44|0x0000000706800000, 0x0000000706800000, 0x0000000706a00000|  0%| F|  |TAMS 0x0000000706800000| PB 0x0000000706800000| Untracked 
|  45|0x0000000706a00000, 0x0000000706a00000, 0x0000000706c00000|  0%| F|  |TAMS 0x0000000706a00000| PB 0x0000000706a00000| Untracked 
|  46|0x0000000706c00000, 0x0000000706c00000, 0x0000000706e00000|  0%| F|  |TAMS 0x0000000706c00000| PB 0x0000000706c00000| Untracked 
|  47|0x0000000706e00000, 0x0000000706e00000, 0x0000000707000000|  0%| F|  |TAMS 0x0000000706e00000| PB 0x0000000706e00000| Untracked 
|  48|0x0000000707000000, 0x0000000707000000, 0x0000000707200000|  0%| F|  |TAMS 0x0000000707000000| PB 0x0000000707000000| Untracked 
|  49|0x0000000707200000, 0x0000000707200000, 0x0000000707400000|  0%| F|  |TAMS 0x0000000707200000| PB 0x0000000707200000| Untracked 
|  50|0x0000000707400000, 0x0000000707400000, 0x0000000707600000|  0%| F|  |TAMS 0x0000000707400000| PB 0x0000000707400000| Untracked 
|  51|0x0000000707600000, 0x0000000707600000, 0x0000000707800000|  0%| F|  |TAMS 0x0000000707600000| PB 0x0000000707600000| Untracked 
|  52|0x0000000707800000, 0x0000000707800000, 0x0000000707a00000|  0%| F|  |TAMS 0x0000000707800000| PB 0x0000000707800000| Untracked 
|  53|0x0000000707a00000, 0x0000000707a00000, 0x0000000707c00000|  0%| F|  |TAMS 0x0000000707a00000| PB 0x0000000707a00000| Untracked 
|  54|0x0000000707c00000, 0x0000000707c00000, 0x0000000707e00000|  0%| F|  |TAMS 0x0000000707c00000| PB 0x0000000707c00000| Untracked 
|  55|0x0000000707e00000, 0x0000000707e00000, 0x0000000708000000|  0%| F|  |TAMS 0x0000000707e00000| PB 0x0000000707e00000| Untracked 
|  56|0x0000000708000000, 0x0000000708000000, 0x0000000708200000|  0%| F|  |TAMS 0x0000000708000000| PB 0x0000000708000000| Untracked 
|  57|0x0000000708200000, 0x0000000708200000, 0x0000000708400000|  0%| F|  |TAMS 0x0000000708200000| PB 0x0000000708200000| Untracked 
|  58|0x0000000708400000, 0x0000000708400000, 0x0000000708600000|  0%| F|  |TAMS 0x0000000708400000| PB 0x0000000708400000| Untracked 
|  59|0x0000000708600000, 0x0000000708600000, 0x0000000708800000|  0%| F|  |TAMS 0x0000000708600000| PB 0x0000000708600000| Untracked 
|  60|0x0000000708800000, 0x0000000708800000, 0x0000000708a00000|  0%| F|  |TAMS 0x0000000708800000| PB 0x0000000708800000| Untracked 
|  61|0x0000000708a00000, 0x0000000708a00000, 0x0000000708c00000|  0%| F|  |TAMS 0x0000000708a00000| PB 0x0000000708a00000| Untracked 
|  62|0x0000000708c00000, 0x0000000708c00000, 0x0000000708e00000|  0%| F|  |TAMS 0x0000000708c00000| PB 0x0000000708c00000| Untracked 
|  63|0x0000000708e00000, 0x0000000708e00000, 0x0000000709000000|  0%| F|  |TAMS 0x0000000708e00000| PB 0x0000000708e00000| Untracked 
|  64|0x0000000709000000, 0x0000000709000000, 0x0000000709200000|  0%| F|  |TAMS 0x0000000709000000| PB 0x0000000709000000| Untracked 
|  65|0x0000000709200000, 0x0000000709200000, 0x0000000709400000|  0%| F|  |TAMS 0x0000000709200000| PB 0x0000000709200000| Untracked 
|  66|0x0000000709400000, 0x0000000709400000, 0x0000000709600000|  0%| F|  |TAMS 0x0000000709400000| PB 0x0000000709400000| Untracked 
|  67|0x0000000709600000, 0x0000000709600000, 0x0000000709800000|  0%| F|  |TAMS 0x0000000709600000| PB 0x0000000709600000| Untracked 
|  68|0x0000000709800000, 0x0000000709800000, 0x0000000709a00000|  0%| F|  |TAMS 0x0000000709800000| PB 0x0000000709800000| Untracked 
|  69|0x0000000709a00000, 0x0000000709a00000, 0x0000000709c00000|  0%| F|  |TAMS 0x0000000709a00000| PB 0x0000000709a00000| Untracked 
|  70|0x0000000709c00000, 0x0000000709c00000, 0x0000000709e00000|  0%| F|  |TAMS 0x0000000709c00000| PB 0x0000000709c00000| Untracked 
|  71|0x0000000709e00000, 0x0000000709e00000, 0x000000070a000000|  0%| F|  |TAMS 0x0000000709e00000| PB 0x0000000709e00000| Untracked 
|  72|0x000000070a000000, 0x000000070a000000, 0x000000070a200000|  0%| F|  |TAMS 0x000000070a000000| PB 0x000000070a000000| Untracked 
|  73|0x000000070a200000, 0x000000070a200000, 0x000000070a400000|  0%| F|  |TAMS 0x000000070a200000| PB 0x000000070a200000| Untracked 
|  74|0x000000070a400000, 0x000000070a400000, 0x000000070a600000|  0%| F|  |TAMS 0x000000070a400000| PB 0x000000070a400000| Untracked 
|  75|0x000000070a600000, 0x000000070a600000, 0x000000070a800000|  0%| F|  |TAMS 0x000000070a600000| PB 0x000000070a600000| Untracked 
|  76|0x000000070a800000, 0x000000070a800000, 0x000000070aa00000|  0%| F|  |TAMS 0x000000070a800000| PB 0x000000070a800000| Untracked 
|  77|0x000000070aa00000, 0x000000070aa00000, 0x000000070ac00000|  0%| F|  |TAMS 0x000000070aa00000| PB 0x000000070aa00000| Untracked 
|  78|0x000000070ac00000, 0x000000070ac00000, 0x000000070ae00000|  0%| F|  |TAMS 0x000000070ac00000| PB 0x000000070ac00000| Untracked 
|  79|0x000000070ae00000, 0x000000070ae00000, 0x000000070b000000|  0%| F|  |TAMS 0x000000070ae00000| PB 0x000000070ae00000| Untracked 
|  80|0x000000070b000000, 0x000000070b000000, 0x000000070b200000|  0%| F|  |TAMS 0x000000070b000000| PB 0x000000070b000000| Untracked 
|  81|0x000000070b200000, 0x000000070b200000, 0x000000070b400000|  0%| F|  |TAMS 0x000000070b200000| PB 0x000000070b200000| Untracked 
|  82|0x000000070b400000, 0x000000070b400000, 0x000000070b600000|  0%| F|  |TAMS 0x000000070b400000| PB 0x000000070b400000| Untracked 
|  83|0x000000070b600000, 0x000000070b600000, 0x000000070b800000|  0%| F|  |TAMS 0x000000070b600000| PB 0x000000070b600000| Untracked 
|  84|0x000000070b800000, 0x000000070b800000, 0x000000070ba00000|  0%| F|  |TAMS 0x000000070b800000| PB 0x000000070b800000| Untracked 
|  85|0x000000070ba00000, 0x000000070ba00000, 0x000000070bc00000|  0%| F|  |TAMS 0x000000070ba00000| PB 0x000000070ba00000| Untracked 
|  86|0x000000070bc00000, 0x000000070bc00000, 0x000000070be00000|  0%| F|  |TAMS 0x000000070bc00000| PB 0x000000070bc00000| Untracked 
|  87|0x000000070be00000, 0x000000070be00000, 0x000000070c000000|  0%| F|  |TAMS 0x000000070be00000| PB 0x000000070be00000| Untracked 
|  88|0x000000070c000000, 0x000000070c000000, 0x000000070c200000|  0%| F|  |TAMS 0x000000070c000000| PB 0x000000070c000000| Untracked 
|  89|0x000000070c200000, 0x000000070c200000, 0x000000070c400000|  0%| F|  |TAMS 0x000000070c200000| PB 0x000000070c200000| Untracked 
|  90|0x000000070c400000, 0x000000070c400000, 0x000000070c600000|  0%| F|  |TAMS 0x000000070c400000| PB 0x000000070c400000| Untracked 
|  91|0x000000070c600000, 0x000000070c600000, 0x000000070c800000|  0%| F|  |TAMS 0x000000070c600000| PB 0x000000070c600000| Untracked 
|  92|0x000000070c800000, 0x000000070c800000, 0x000000070ca00000|  0%| F|  |TAMS 0x000000070c800000| PB 0x000000070c800000| Untracked 
|  93|0x000000070ca00000, 0x000000070ca00000, 0x000000070cc00000|  0%| F|  |TAMS 0x000000070ca00000| PB 0x000000070ca00000| Untracked 
|  94|0x000000070cc00000, 0x000000070cc00000, 0x000000070ce00000|  0%| F|  |TAMS 0x000000070cc00000| PB 0x000000070cc00000| Untracked 
|  95|0x000000070ce00000, 0x000000070ce00000, 0x000000070d000000|  0%| F|  |TAMS 0x000000070ce00000| PB 0x000000070ce00000| Untracked 
|  96|0x000000070d000000, 0x000000070d000000, 0x000000070d200000|  0%| F|  |TAMS 0x000000070d000000| PB 0x000000070d000000| Untracked 
|  97|0x000000070d200000, 0x000000070d200000, 0x000000070d400000|  0%| F|  |TAMS 0x000000070d200000| PB 0x000000070d200000| Untracked 
|  98|0x000000070d400000, 0x000000070d400000, 0x000000070d600000|  0%| F|  |TAMS 0x000000070d400000| PB 0x000000070d400000| Untracked 
|  99|0x000000070d600000, 0x000000070d600000, 0x000000070d800000|  0%| F|  |TAMS 0x000000070d600000| PB 0x000000070d600000| Untracked 
| 100|0x000000070d800000, 0x000000070d800000, 0x000000070da00000|  0%| F|  |TAMS 0x000000070d800000| PB 0x000000070d800000| Untracked 
| 101|0x000000070da00000, 0x000000070da00000, 0x000000070dc00000|  0%| F|  |TAMS 0x000000070da00000| PB 0x000000070da00000| Untracked 
| 102|0x000000070dc00000, 0x000000070dc00000, 0x000000070de00000|  0%| F|  |TAMS 0x000000070dc00000| PB 0x000000070dc00000| Untracked 
| 103|0x000000070de00000, 0x000000070de00000, 0x000000070e000000|  0%| F|  |TAMS 0x000000070de00000| PB 0x000000070de00000| Untracked 
| 104|0x000000070e000000, 0x000000070e000000, 0x000000070e200000|  0%| F|  |TAMS 0x000000070e000000| PB 0x000000070e000000| Untracked 
| 105|0x000000070e200000, 0x000000070e200000, 0x000000070e400000|  0%| F|  |TAMS 0x000000070e200000| PB 0x000000070e200000| Untracked 
| 106|0x000000070e400000, 0x000000070e400000, 0x000000070e600000|  0%| F|  |TAMS 0x000000070e400000| PB 0x000000070e400000| Untracked 
| 107|0x000000070e600000, 0x000000070e600000, 0x000000070e800000|  0%| F|  |TAMS 0x000000070e600000| PB 0x000000070e600000| Untracked 
| 108|0x000000070e800000, 0x000000070e800000, 0x000000070ea00000|  0%| F|  |TAMS 0x000000070e800000| PB 0x000000070e800000| Untracked 
| 109|0x000000070ea00000, 0x000000070ea00000, 0x000000070ec00000|  0%| F|  |TAMS 0x000000070ea00000| PB 0x000000070ea00000| Untracked 
| 110|0x000000070ec00000, 0x000000070ec00000, 0x000000070ee00000|  0%| F|  |TAMS 0x000000070ec00000| PB 0x000000070ec00000| Untracked 
| 111|0x000000070ee00000, 0x000000070ee00000, 0x000000070f000000|  0%| F|  |TAMS 0x000000070ee00000| PB 0x000000070ee00000| Untracked 
| 112|0x000000070f000000, 0x000000070f000000, 0x000000070f200000|  0%| F|  |TAMS 0x000000070f000000| PB 0x000000070f000000| Untracked 
| 113|0x000000070f200000, 0x000000070f200000, 0x000000070f400000|  0%| F|  |TAMS 0x000000070f200000| PB 0x000000070f200000| Untracked 
| 114|0x000000070f400000, 0x000000070f400000, 0x000000070f600000|  0%| F|  |TAMS 0x000000070f400000| PB 0x000000070f400000| Untracked 
| 115|0x000000070f600000, 0x000000070f600000, 0x000000070f800000|  0%| F|  |TAMS 0x000000070f600000| PB 0x000000070f600000| Untracked 
| 116|0x000000070f800000, 0x000000070f800000, 0x000000070fa00000|  0%| F|  |TAMS 0x000000070f800000| PB 0x000000070f800000| Untracked 
| 117|0x000000070fa00000, 0x000000070fa00000, 0x000000070fc00000|  0%| F|  |TAMS 0x000000070fa00000| PB 0x000000070fa00000| Untracked 
| 118|0x000000070fc00000, 0x000000070fc00000, 0x000000070fe00000|  0%| F|  |TAMS 0x000000070fc00000| PB 0x000000070fc00000| Untracked 
| 119|0x000000070fe00000, 0x000000070fe00000, 0x0000000710000000|  0%| F|  |TAMS 0x000000070fe00000| PB 0x000000070fe00000| Untracked 
| 120|0x0000000710000000, 0x0000000710000000, 0x0000000710200000|  0%| F|  |TAMS 0x0000000710000000| PB 0x0000000710000000| Untracked 
| 121|0x0000000710200000, 0x0000000710200000, 0x0000000710400000|  0%| F|  |TAMS 0x0000000710200000| PB 0x0000000710200000| Untracked 
| 122|0x0000000710400000, 0x0000000710400000, 0x0000000710600000|  0%| F|  |TAMS 0x0000000710400000| PB 0x0000000710400000| Untracked 
| 123|0x0000000710600000, 0x0000000710600000, 0x0000000710800000|  0%| F|  |TAMS 0x0000000710600000| PB 0x0000000710600000| Untracked 
| 124|0x0000000710800000, 0x0000000710800000, 0x0000000710a00000|  0%| F|  |TAMS 0x0000000710800000| PB 0x0000000710800000| Untracked 
| 125|0x0000000710a00000, 0x0000000710a00000, 0x0000000710c00000|  0%| F|  |TAMS 0x0000000710a00000| PB 0x0000000710a00000| Untracked 
| 126|0x0000000710c00000, 0x0000000710c00000, 0x0000000710e00000|  0%| F|  |TAMS 0x0000000710c00000| PB 0x0000000710c00000| Untracked 
| 127|0x0000000710e00000, 0x0000000710fc2ab8, 0x0000000711000000| 88%| E|  |TAMS 0x0000000710e00000| PB 0x0000000710e00000| Complete 

Card table byte_map: [0x000001962d9f0000,0x000001962e1f0000] _byte_map_base: 0x000001962a1e8000

Marking Bits: (CMBitMap*) 0x00000196199983f0
 Bits: [0x000001962e1f0000, 0x00000196321b0000)

Polling page: 0x0000019617590000

Metaspace:

Usage:
  Non-class:     35.98 KB used.
      Class:      2.17 KB used.
       Both:     38.15 KB used.

Virtual space:
  Non-class space:       64.00 MB reserved,      64.00 KB ( <1%) committed,  1 nodes.
      Class space:        1.00 GB reserved,      64.00 KB ( <1%) committed,  1 nodes.
             Both:        1.06 GB reserved,     128.00 KB ( <1%) committed. 

Chunk freelists:
   Non-Class:  12.00 MB
       Class:  15.75 MB
        Both:  27.75 MB

MaxMetaspaceSize: unlimited
CompressedClassSpaceSize: 1.00 GB
Initial GC threshold: 21.00 MB
Current GC threshold: 21.00 MB
CDS: on
 - commit_granule_bytes: 65536.
 - commit_granule_words: 8192.
 - virtual_space_node_default_size: 8388608.
 - enlarge_chunks_in_place: 1.
 - use_allocation_guard: 0.


Internal statistics:

num_allocs_failed_limit: 0.
num_arena_births: 2.
num_arena_deaths: 0.
num_vsnodes_births: 2.
num_vsnodes_deaths: 0.
num_space_committed: 2.
num_space_uncommitted: 0.
num_chunks_returned_to_freelist: 0.
num_chunks_taken_from_freelist: 3.
num_chunk_merges: 0.
num_chunk_splits: 2.
num_chunks_enlarged: 0.
num_inconsistent_stats: 0.

CodeHeap 'non-profiled nmethods': size=119168Kb used=0Kb max_used=0Kb free=119168Kb
 bounds [0x0000019625510000, 0x0000019625780000, 0x000001962c970000]
CodeHeap 'profiled nmethods': size=119104Kb used=0Kb max_used=0Kb free=119104Kb
 bounds [0x000001961d970000, 0x000001961dbe0000, 0x0000019624dc0000]
CodeHeap 'non-nmethods': size=7488Kb used=1131Kb max_used=1145Kb free=6356Kb
 bounds [0x0000019624dc0000, 0x0000019625030000, 0x0000019625510000]
CodeCache: size=245760Kb, used=1131Kb, max_used=1145Kb, free=244628Kb
 total_blobs=273, nmethods=0, adapters=179, full_count=0
Compilation: enabled, stopped_count=0, restarted_count=0

Compilation events (0 events):
No events

GC Heap History (0 events):
No events

Dll operation events (2 events):
Event: 0.009 Loaded shared library C:\Users\Subach\AppData\Local\Programs\IntelliJ IDEA Community Edition\jbr\bin\java.dll
Event: 0.048 Loaded shared library C:\Users\Subach\AppData\Local\Programs\IntelliJ IDEA Community Edition\jbr\bin\zip.dll

Deoptimization events (0 events):
No events

Classes loaded (2 events):
Event: 0.047 Loading class sun/nio/cs/MS1251$Holder
Event: 0.048 Loading class sun/nio/cs/MS1251$Holder done

Classes unloaded (0 events):
No events

Classes redefined (0 events):
No events

Internal exceptions (0 events):
No events

ZGC Phase Switch (0 events):
No events

VM Operations (0 events):
No events

Memory protections (0 events):
No events

Nmethod flushes (0 events):
No events

Events (10 events):
Event: 0.034 Thread 0x00000196175d9a80 Thread added: 0x00000196175d9a80
Event: 0.050 Thread 0x00000196175d9a80 Thread added: 0x000001963516ad00
Event: 0.052 Thread 0x00000196175d9a80 Thread added: 0x0000019635172d50
Event: 0.052 Thread 0x00000196175d9a80 Thread added: 0x0000019635176860
Event: 0.052 Thread 0x00000196175d9a80 Thread added: 0x000001963517a8b0
Event: 0.052 Thread 0x00000196175d9a80 Thread added: 0x000001963517b650
Event: 0.052 Thread 0x00000196175d9a80 Thread added: 0x000001963517e450
Event: 0.053 Thread 0x00000196175d9a80 Thread added: 0x000001963517eae0
Event: 0.053 Thread 0x00000196175d9a80 Thread added: 0x000001963518c410
Event: 0.053 Thread 0x00000196175d9a80 Thread added: 0x00000196352b3680


Dynamic libraries:
0x00007ff7eaad0000 - 0x00007ff7eaada000 	C:\Users\Subach\AppData\Local\Programs\IntelliJ IDEA Community Edition\jbr\bin\java.exe
0x00007ffaf5c40000 - 0x00007ffaf5ea0000 	C:\WINDOWS\SYSTEM32\ntdll.dll
0x00007ffaf4130000 - 0x00007ffaf41f7000 	C:\WINDOWS\System32\KERNEL32.DLL
0x00007ffaf31a0000 - 0x00007ffaf356a000 	C:\WINDOWS\System32\KERNELBASE.dll
0x00007ffaf36e0000 - 0x00007ffaf382b000 	C:\WINDOWS\System32\ucrtbase.dll
0x00007ffae9af0000 - 0x00007ffae9b0b000 	C:\Users\Subach\AppData\Local\Programs\IntelliJ IDEA Community Edition\jbr\bin\VCRUNTIME140.dll
0x00007ffad4460000 - 0x00007ffad4478000 	C:\Users\Subach\AppData\Local\Programs\IntelliJ IDEA Community Edition\jbr\bin\jli.dll
0x00007ffaf5850000 - 0x00007ffaf5a1c000 	C:\WINDOWS\System32\USER32.dll
0x00007ffadd710000 - 0x00007ffadd9a7000 	C:\WINDOWS\WinSxS\amd64_microsoft.windows.common-controls_6595b64144ccf1df_6.0.26100.3624_none_3e086962e3345f24\COMCTL32.dll
0x00007ffaf36b0000 - 0x00007ffaf36d7000 	C:\WINDOWS\System32\win32u.dll
0x00007ffaf57a0000 - 0x00007ffaf5849000 	C:\WINDOWS\System32\msvcrt.dll
0x00007ffaf3d50000 - 0x00007ffaf3d7a000 	C:\WINDOWS\System32\GDI32.dll
0x00007ffaf3570000 - 0x00007ffaf36a1000 	C:\WINDOWS\System32\gdi32full.dll
0x00007ffaf2e20000 - 0x00007ffaf2ec3000 	C:\WINDOWS\System32\msvcp_win.dll
0x00007ffaf4000000 - 0x00007ffaf402f000 	C:\WINDOWS\System32\IMM32.DLL
0x00007ffaedf00000 - 0x00007ffaedf0c000 	C:\Users\Subach\AppData\Local\Programs\IntelliJ IDEA Community Edition\jbr\bin\vcruntime140_1.dll
0x00007ffac9540000 - 0x00007ffac95cd000 	C:\Users\Subach\AppData\Local\Programs\IntelliJ IDEA Community Edition\jbr\bin\msvcp140.dll
0x00007ffa9e6e0000 - 0x00007ffa9f4ab000 	C:\Users\Subach\AppData\Local\Programs\IntelliJ IDEA Community Edition\jbr\bin\server\jvm.dll
0x00007ffaf3a40000 - 0x00007ffaf3af2000 	C:\WINDOWS\System32\ADVAPI32.dll
0x00007ffaf44a0000 - 0x00007ffaf4546000 	C:\WINDOWS\System32\sechost.dll
0x00007ffaf3bb0000 - 0x00007ffaf3cc6000 	C:\WINDOWS\System32\RPCRT4.dll
0x00007ffaf4390000 - 0x00007ffaf4404000 	C:\WINDOWS\System32\WS2_32.dll
0x00007ffaf2650000 - 0x00007ffaf26ae000 	C:\WINDOWS\SYSTEM32\POWRPROF.dll
0x00007ffaed2a0000 - 0x00007ffaed2ab000 	C:\WINDOWS\SYSTEM32\VERSION.dll
0x00007ffae5770000 - 0x00007ffae57a6000 	C:\WINDOWS\SYSTEM32\WINMM.dll
0x00007ffaf2630000 - 0x00007ffaf2644000 	C:\WINDOWS\SYSTEM32\UMPDC.dll
0x00007ffaf1bf0000 - 0x00007ffaf1c0a000 	C:\WINDOWS\SYSTEM32\kernel.appcore.dll
0x00007ffaedd20000 - 0x00007ffaedd2a000 	C:\Users\Subach\AppData\Local\Programs\IntelliJ IDEA Community Edition\jbr\bin\jimage.dll
0x00007ffae28c0000 - 0x00007ffae2b01000 	C:\WINDOWS\SYSTEM32\DBGHELP.DLL
0x00007ffaf4550000 - 0x00007ffaf48d2000 	C:\WINDOWS\System32\combase.dll
0x00007ffaf5a20000 - 0x00007ffaf5af6000 	C:\WINDOWS\System32\OLEAUT32.dll
0x00007ffac2850000 - 0x00007ffac2889000 	C:\WINDOWS\SYSTEM32\dbgcore.DLL
0x00007ffaf3040000 - 0x00007ffaf30d9000 	C:\WINDOWS\System32\bcryptPrimitives.dll
0x00007ffae0fb0000 - 0x00007ffae0fd0000 	C:\Users\Subach\AppData\Local\Programs\IntelliJ IDEA Community Edition\jbr\bin\java.dll
0x00007ffaf4e50000 - 0x00007ffaf5579000 	C:\WINDOWS\System32\SHELL32.dll
0x00007ffaf2ed0000 - 0x00007ffaf3038000 	C:\WINDOWS\System32\wintypes.dll
0x00007ffaf0aa0000 - 0x00007ffaf12f2000 	C:\WINDOWS\SYSTEM32\windows.storage.dll
0x00007ffaf4040000 - 0x00007ffaf412d000 	C:\WINDOWS\System32\SHCORE.dll
0x00007ffaf3cd0000 - 0x00007ffaf3d34000 	C:\WINDOWS\System32\shlwapi.dll
0x00007ffaf2d30000 - 0x00007ffaf2d5f000 	C:\WINDOWS\SYSTEM32\profapi.dll
0x00007ffae0d40000 - 0x00007ffae0d58000 	C:\Users\Subach\AppData\Local\Programs\IntelliJ IDEA Community Edition\jbr\bin\zip.dll

JVMTI agents: none

dbghelp: loaded successfully - version: 4.0.5 - missing functions: none
symbol engine: initialized successfully - sym options: 0x614 - pdb path: .;C:\Users\Subach\AppData\Local\Programs\IntelliJ IDEA Community Edition\jbr\bin;C:\WINDOWS\SYSTEM32;C:\WINDOWS\WinSxS\amd64_microsoft.windows.common-controls_6595b64144ccf1df_6.0.26100.3624_none_3e086962e3345f24;C:\Users\Subach\AppData\Local\Programs\IntelliJ IDEA Community Edition\jbr\bin\server

VM Arguments:
java_command: git4idea.http.GitAskPassApp Password for 'https://AndrewSANJ@github.com': 
java_class_path (initial): C:/Users/Subach/AppData/Local/Programs/IntelliJ IDEA Community Edition/plugins/vcs-git/lib/git4idea-rt.jar;C:/Users/Subach/AppData/Local/Programs/IntelliJ IDEA Community Edition/lib/externalProcess-rt.jar
Launcher Type: SUN_STANDARD

[Global flags]
     intx CICompilerCount                          = 12                                        {product} {ergonomic}
     uint ConcGCThreads                            = 3                                         {product} {ergonomic}
     uint G1ConcRefinementThreads                  = 13                                        {product} {ergonomic}
   size_t G1HeapRegionSize                         = 2097152                                   {product} {ergonomic}
    uintx GCDrainStackTargetSize                   = 64                                        {product} {ergonomic}
   size_t InitialHeapSize                          = 268435456                                 {product} {ergonomic}
   size_t MarkStackSize                            = 4194304                                   {product} {ergonomic}
   size_t MaxHeapSize                              = 4278190080                                {product} {ergonomic}
   size_t MaxNewSize                               = 2566914048                                {product} {ergonomic}
   size_t MinHeapDeltaBytes                        = 2097152                                   {product} {ergonomic}
   size_t MinHeapSize                              = 8388608                                   {product} {ergonomic}
    uintx NonNMethodCodeHeapSize                   = 7602480                                {pd product} {ergonomic}
    uintx NonProfiledCodeHeapSize                  = 122027880                              {pd product} {ergonomic}
    uintx ProfiledCodeHeapSize                     = 122027880                              {pd product} {ergonomic}
    uintx ReservedCodeCacheSize                    = 251658240                              {pd product} {ergonomic}
     bool SegmentedCodeCache                       = true                                      {product} {ergonomic}
   size_t SoftMaxHeapSize                          = 4278190080                             {manageable} {ergonomic}
     bool UseCompressedOops                        = true                           {product lp64_product} {ergonomic}
     bool UseG1GC                                  = true                                      {product} {ergonomic}
     bool UseLargePagesIndividualAllocation        = false                                  {pd product} {ergonomic}

Logging:
Log output configuration:
 #0: stdout all=warning uptime,level,tags foldmultilines=false
 #1: stderr all=off uptime,level,tags foldmultilines=false

Environment Variables:
JAVA_HOME=C:\Program Files\Eclipse Adoptium\jdk-17.0.15.6-hotspot\
PATH=C:/Program Files/Git/mingw64/libexec/git-core;C:/Program Files/Git/mingw64/libexec/git-core;C:\Program Files\Git\mingw64\bin;C:\Program Files\Git\usr\bin;C:\Users\Subach\bin;C:\ProgramData\Oracle\Java\javapath;C:\Program Files\Eclipse Adoptium\jdk-17.0.15.6-hotspot\bin;C:\WINDOWS\system32;C:\WINDOWS;C:\WINDOWS\System32\Wbem;C:\WINDOWS\System32\WindowsPowerShell\v1.0\;C:\WINDOWS\System32\OpenSSH\;C:\Program Files\Microsoft SQL Server\150\Tools\Binn\;C:\Program Files\Microsoft SQL Server\Client SDK\ODBC\170\Tools\Binn\;C:\Program Files\Git\cmd;C:\Program Files\Docker\Docker\resources\bin;C:\Program Files\nodejs\;C:\Program Files\dotnet\;C:\Users\Subach\AppData\Local\Microsoft\WindowsApps;C:\Users\Subach\.dotnet\tools;C:\Users\Subach\AppData\Local\Programs\Microsoft VS Code\bin;C:\Users\Subach\AppData\Local\Microsoft\WinGet\Packages\Schniz.fnm_Microsoft.Winget.Source_8wekyb3d8bbwe;C:\Users\Subach\AppData\Roaming\npm;C:\Users\Subach\AppData\Local\JetBrains\Toolbox\scripts
USERNAME=Subach
DISPLAY=:0.0
LC_ALL=en_US.UTF-8
TERM=xterm-256color
TMPDIR=C:\Users\Subach\AppData\Local\Temp
OS=Windows_NT
PROCESSOR_IDENTIFIER=AMD64 Family 23 Model 8 Stepping 2, AuthenticAMD
TMP=C:\Users\Subach\AppData\Local\Temp
TEMP=C:\Users\Subach\AppData\Local\Temp




Periodic native trim disabled

JNI global refs:
JNI global refs: 14, weak refs: 0

JNI global refs memory usage: 835, weak refs: 201

Process memory usage:
Resident Set Size: 50372K (0% of 16707200K total physical memory with 8114104K free physical memory)

OOME stack traces (most recent first):
Classloader memory used:
Loader bootstrap                                                                       : 39064B

---------------  S Y S T E M  ---------------

OS:
 Windows 11 , 64 bit Build 26100 (10.0.26100.3775)
OS uptime: 0 days 1:21 hours
Hyper-V role detected

CPU: total 16 (initial active 16) (16 cores per cpu, 2 threads per core) family 23 model 8 stepping 2 microcode 0x800820d, cx8, cmov, fxsr, ht, mmx, 3dnowpref, sse, sse2, sse3, ssse3, sse4a, sse4.1, sse4.2, popcnt, lzcnt, tsc, tscinvbit, avx, avx2, aes, clmul, bmi1, bmi2, adx, sha, fma, vzeroupper, clflush, clflushopt, hv, rdtscp, f16c
Processor Information for the first 16 processors :
  Max Mhz: 3200, Current Mhz: 3200, Mhz Limit: 3200

Memory: 4k page, system-wide physical 16315M (7923M free)
TotalPageFile size 20411M (AvailPageFile size 10484M)
current process WorkingSet (physical memory assigned to process): 49M, peak: 49M
current process commit charge ("private bytes"): 364M, peak: 365M

vm_info: OpenJDK 64-Bit Server VM (21.0.8+1-b1038.68) for windows-amd64 JRE (21.0.8+1-b1038.68), built on 2025-07-24 by "builduser" with MS VC++ 16.10 / 16.11 (VS2019)

END.
